[16:39:00] [main/INFO] (FabricLoader/GameProvider) Loading Minecraft 1.20.4 with Fabric Loader 0.15.6
[16:39:01] [main/INFO] (FabricLoader) Loading 57 mods:
	- fabric-api 0.95.4+1.20.4
	- fabric-api-base 0.4.36+78d798af4f
	- fabric-api-lookup-api-v1 1.6.48+82b1bb3e4f
	- fabric-biome-api-v1 13.0.16+78d798af4f
	- fabric-block-api-v1 1.0.16+3e2216cb4f
	- fabric-block-view-api-v2 1.0.4+78d798af4f
	- fabric-blockrenderlayer-v1 1.1.46+78d798af4f
	- fabric-client-tags-api-v1 1.1.7+78d798af4f
	- fabric-command-api-v1 1.2.41+f71b366f4f
	- fabric-command-api-v2 2.2.20+78d798af4f
	- fabric-commands-v0 0.2.58+df3654b34f
	- fabric-containers-v0 0.1.86+df3654b34f
	- fabric-content-registries-v0 5.0.12+78d798af4f
	- fabric-convention-tags-v1 1.5.10+78d798af4f
	- fabric-crash-report-info-v1 0.2.23+78d798af4f
	- fabric-data-attachment-api-v1 1.0.2+25e1b4764f
	- fabric-data-generation-api-v1 13.2.1+5c0133444f
	- fabric-dimensions-v1 2.1.61+78d798af4f
	- fabric-entity-events-v1 1.6.0+44c0f8c64f
	- fabric-events-interaction-v0 0.7.1+389931eb4f
	- fabric-events-lifecycle-v0 0.2.73+df3654b34f
	- fabric-game-rule-api-v1 1.0.46+78d798af4f
	- fabric-gametest-api-v1 1.3.3+85d85a934f
	- fabric-item-api-v1 2.2.0+d6f2b0844f
	- fabric-item-group-api-v1 4.0.23+78d798af4f
	- fabric-key-binding-api-v1 1.0.41+78d798af4f
	- fabric-keybindings-v0 0.2.39+df3654b34f
	- fabric-lifecycle-events-v1 2.2.31+eabbae364f
	- fabric-loot-api-v2 2.1.7+78d798af4f
	- fabric-message-api-v1 6.0.5+78d798af4f
	- fabric-mining-level-api-v1 2.1.62+78d798af4f
	- fabric-model-loading-api-v1 1.0.8+78d798af4f
	- fabric-models-v0 0.4.7+9386d8a74f
	- fabric-networking-api-v1 3.1.7+2e5ac5484f
	- fabric-object-builder-api-v1 13.0.11+06274a474f
	- fabric-particles-v1 1.1.7+78d798af4f
	- fabric-recipe-api-v1 2.0.20+78d798af4f
	- fabric-registry-sync-v0 4.0.18+78d798af4f
	- fabric-renderer-api-v1 3.2.4+78d798af4f
	- fabric-renderer-indigo 1.5.4+78d798af4f
	- fabric-renderer-registries-v1 3.2.52+df3654b34f
	- fabric-rendering-data-attachment-v1 0.3.42+73761d2e4f
	- fabric-rendering-fluids-v1 3.0.33+78d798af4f
	- fabric-rendering-v0 1.1.55+df3654b34f
	- fabric-rendering-v1 3.1.0+0d29db764f
	- fabric-resource-conditions-api-v1 2.3.14+78d798af4f
	- fabric-resource-loader-v0 0.11.18+b66dcf784f
	- fabric-screen-api-v1 2.0.17+78d798af4f
	- fabric-screen-handler-api-v1 1.3.55+78d798af4f
	- fabric-sound-api-v1 1.0.17+78d798af4f
	- fabric-transfer-api-v1 4.0.9+e84342304f
	- fabric-transitive-access-wideners-v1 5.0.14+78d798af4f
	- fabricloader 0.15.6
	- fr06-ideas 0.1.0-1.20.4
	- java 17
	- minecraft 1.20.4
	- mixinextras 0.3.2
[16:39:01] [main/INFO] (FabricLoader/Mixin) SpongePowered MIXIN Subsystem Version=0.8.5 Source=file:/C:/Users/jacob/.gradle/caches/modules-2/files-2.1/net.fabricmc/sponge-mixin/0.12.5+mixin.0.8.5/8d31fb97c3e0cd7c8dad3441851c523bcfae6d8e/sponge-mixin-0.12.5+mixin.0.8.5.jar Service=Knot/Fabric Env=CLIENT
[16:39:01] [main/INFO] (FabricLoader/Mixin) Loaded Fabric development mappings for mixin remapper!
[16:39:01] [main/INFO] (FabricLoader/Mixin) Compatibility level set to JAVA_17
[16:39:02] [main/INFO] (FabricLoader/MixinExtras|Service) Initializing MixinExtras via com.llamalad7.mixinextras.service.MixinExtrasServiceImpl(version=0.3.2).
[16:39:07] [Datafixer Bootstrap/INFO] (Minecraft) 198 Datafixer optimizations took 110 milliseconds
[16:39:09] [Render thread/INFO] (Minecraft) Environment: Environment[sessionHost=https://sessionserver.mojang.com, servicesHost=https://api.minecraftservices.com, name=PROD]
[16:39:09] [Render thread/INFO] (Minecraft) Setting user: Player432
[16:39:09] [Render thread/INFO] (fr06-ideas) Lessgo dababy!!
[16:39:09] [Render thread/INFO] (fr06-ideas) Go go gadget fr06-ideas:registerModItems!
[16:39:09] [Render thread/INFO] (fr06-ideas) Go go gadget fr06-ideas:registerModFuels!
[16:39:09] [Download-2/ERROR] (Minecraft) Failed to fetch user properties
com.mojang.authlib.exceptions.InvalidCredentialsException: Status: 401
	at com.mojang.authlib.exceptions.MinecraftClientHttpException.toAuthenticationException(MinecraftClientHttpException.java:59) ~[authlib-6.0.52.jar:?]
	at com.mojang.authlib.yggdrasil.YggdrasilUserApiService.fetchProperties(YggdrasilUserApiService.java:150) ~[authlib-6.0.52.jar:?]
	at net.minecraft.client.MinecraftClient.method_55608(MinecraftClient.java:526) ~[minecraft-merged-67dccd55cc-1.20.4-net.fabricmc.yarn.1_20_4.1.20.4+build.3-v2.jar:?]
	at java.util.concurrent.CompletableFuture$AsyncSupply.run(CompletableFuture.java:1768) ~[?:?]
	at java.util.concurrent.ThreadPoolExecutor.runWorker(ThreadPoolExecutor.java:1136) ~[?:?]
	at java.util.concurrent.ThreadPoolExecutor$Worker.run(ThreadPoolExecutor.java:635) ~[?:?]
	at java.lang.Thread.run(Thread.java:842) ~[?:?]
Caused by: com.mojang.authlib.exceptions.MinecraftClientHttpException: Status: 401
	at com.mojang.authlib.minecraft.client.MinecraftClient.readInputStream(MinecraftClient.java:100) ~[authlib-6.0.52.jar:?]
	at com.mojang.authlib.minecraft.client.MinecraftClient.get(MinecraftClient.java:57) ~[authlib-6.0.52.jar:?]
	at com.mojang.authlib.yggdrasil.YggdrasilUserApiService.fetchProperties(YggdrasilUserApiService.java:121) ~[authlib-6.0.52.jar:?]
	... 5 more
[16:39:09] [Render thread/INFO] (fr06-ideas) Go go gadget fr06-ideas:registerModBlocks!
[16:39:10] [Render thread/INFO] (fabric-networking-api-v1) Force Packet Serialization is enabled to mimic remote connection on single player, this is the default behaviour on dev env. Add -Dfabric-api.networking.force-packet-serialization=false JVM arg to disable it.
[16:39:10] [Render thread/INFO] (Indigo) [Indigo] Registering Indigo renderer!
[16:39:10] [Render thread/INFO] (Minecraft) Backend library: LWJGL version 3.3.2-snapshot
[16:39:11] [Render thread/INFO] (Minecraft) Reloading ResourceManager: vanilla, fabric, fabric-api, fabric-api-base, fabric-api-lookup-api-v1, fabric-biome-api-v1, fabric-block-api-v1, fabric-block-view-api-v2, fabric-blockrenderlayer-v1, fabric-client-tags-api-v1, fabric-command-api-v1, fabric-command-api-v2, fabric-commands-v0, fabric-containers-v0, fabric-content-registries-v0, fabric-convention-tags-v1, fabric-crash-report-info-v1, fabric-data-attachment-api-v1, fabric-data-generation-api-v1, fabric-dimensions-v1, fabric-entity-events-v1, fabric-events-interaction-v0, fabric-events-lifecycle-v0, fabric-game-rule-api-v1, fabric-gametest-api-v1, fabric-item-api-v1, fabric-item-group-api-v1, fabric-key-binding-api-v1, fabric-keybindings-v0, fabric-lifecycle-events-v1, fabric-loot-api-v2, fabric-message-api-v1, fabric-mining-level-api-v1, fabric-model-loading-api-v1, fabric-models-v0, fabric-networking-api-v1, fabric-object-builder-api-v1, fabric-particles-v1, fabric-recipe-api-v1, fabric-registry-sync-v0, fabric-renderer-api-v1, fabric-renderer-indigo, fabric-renderer-registries-v1, fabric-rendering-data-attachment-v1, fabric-rendering-fluids-v1, fabric-rendering-v0, fabric-rendering-v1, fabric-resource-conditions-api-v1, fabric-resource-loader-v0, fabric-screen-api-v1, fabric-screen-handler-api-v1, fabric-sound-api-v1, fabric-transfer-api-v1, fabric-transitive-access-wideners-v1, fabricloader, fr06-ideas
[16:39:12] [Worker-Main-12/INFO] (Minecraft) Found unifont_all_no_pua-15.1.04.hex, loading
[16:39:13] [Worker-Main-17/WARN] (Minecraft) Missing textures in model fr06-ideas:light_gray_blazelite_door#inventory:
    minecraft:textures/atlas/blocks.png:fr06-ideas:item/light_gray_blazelite_door
[16:39:13] [Worker-Main-17/WARN] (Minecraft) Missing textures in model fr06-ideas:green_blazelite_door#inventory:
    minecraft:textures/atlas/blocks.png:fr06-ideas:item/green_blazelite_door
[16:39:13] [Worker-Main-17/WARN] (Minecraft) Missing textures in model fr06-ideas:chartreuse_blazelite_door#inventory:
    minecraft:textures/atlas/blocks.png:fr06-ideas:item/chartreuse_blazelite_door
[16:39:13] [Worker-Main-17/WARN] (Minecraft) Missing textures in model fr06-ideas:cyan_blazelite_door#inventory:
    minecraft:textures/atlas/blocks.png:fr06-ideas:item/cyan_blazelite_door
[16:39:13] [Worker-Main-17/WARN] (Minecraft) Missing textures in model fr06-ideas:spring_green_blazelite_door#inventory:
    minecraft:textures/atlas/blocks.png:fr06-ideas:item/spring_green_blazelite_door
[16:39:13] [Worker-Main-17/WARN] (Minecraft) Missing textures in model fr06-ideas:ultramarine_blazelite_door#inventory:
    minecraft:textures/atlas/blocks.png:fr06-ideas:item/ultramarine_blazelite_door
[16:39:13] [Worker-Main-17/WARN] (Minecraft) Missing textures in model fr06-ideas:pink_blazelite_door#inventory:
    minecraft:textures/atlas/blocks.png:fr06-ideas:item/pink_blazelite_door
[16:39:13] [Worker-Main-17/WARN] (Minecraft) Missing textures in model fr06-ideas:capri_blazelite_door#inventory:
    minecraft:textures/atlas/blocks.png:fr06-ideas:item/capri_blazelite_door
[16:39:13] [Worker-Main-17/WARN] (Minecraft) Missing textures in model fr06-ideas:dark_gray_blazelite_door#inventory:
    minecraft:textures/atlas/blocks.png:fr06-ideas:item/dark_gray_blazelite_door
[16:39:13] [Worker-Main-17/WARN] (Minecraft) Missing textures in model fr06-ideas:rose_blazelite_door#inventory:
    minecraft:textures/atlas/blocks.png:fr06-ideas:item/rose_blazelite_door
[16:39:13] [Worker-Main-17/WARN] (Minecraft) Missing textures in model fr06-ideas:magenta_blazelite_door#inventory:
    minecraft:textures/atlas/blocks.png:fr06-ideas:item/magenta_blazelite_door
[16:39:13] [Worker-Main-17/WARN] (Minecraft) Missing textures in model fr06-ideas:white_blazelite_door#inventory:
    minecraft:textures/atlas/blocks.png:fr06-ideas:item/white_blazelite_door
[16:39:13] [Worker-Main-17/WARN] (Minecraft) Missing textures in model fr06-ideas:violet_blazelite_door#inventory:
    minecraft:textures/atlas/blocks.png:fr06-ideas:item/violet_blazelite_door
[16:39:13] [Worker-Main-17/WARN] (Minecraft) Missing textures in model fr06-ideas:orange_blazelite_door#inventory:
    minecraft:textures/atlas/blocks.png:fr06-ideas:item/orange_blazelite_door
[16:39:13] [Worker-Main-17/WARN] (Minecraft) Missing textures in model fr06-ideas:yellow_blazelite_door#inventory:
    minecraft:textures/atlas/blocks.png:fr06-ideas:item/yellow_blazelite_door
[16:39:13] [Worker-Main-17/WARN] (Minecraft) Missing textures in model fr06-ideas:red_blazelite_door#inventory:
    minecraft:textures/atlas/blocks.png:fr06-ideas:item/red_blazelite_door
[16:39:13] [Worker-Main-17/WARN] (Minecraft) Missing textures in model fr06-ideas:blazelite_door#inventory:
    minecraft:textures/atlas/blocks.png:fr06-ideas:item/blazelite_door
[16:39:13] [Render thread/WARN] (Minecraft) Missing sound for event: minecraft:item.goat_horn.play
[16:39:13] [Render thread/WARN] (Minecraft) Missing sound for event: minecraft:entity.goat.screaming.horn_break
[16:39:14] [Render thread/INFO] (Minecraft) OpenAL initialized on device OpenAL Soft on Speakers (Realtek(R) Audio)
[16:39:14] [Render thread/INFO] (Minecraft) Sound engine started
[16:39:14] [Render thread/INFO] (Minecraft) Created: 1024x512x4 minecraft:textures/atlas/blocks.png-atlas
[16:39:15] [Render thread/INFO] (Minecraft) Created: 256x256x4 minecraft:textures/atlas/signs.png-atlas
[16:39:15] [Render thread/INFO] (Minecraft) Created: 512x512x4 minecraft:textures/atlas/shield_patterns.png-atlas
[16:39:15] [Render thread/INFO] (Minecraft) Created: 512x512x4 minecraft:textures/atlas/banner_patterns.png-atlas
[16:39:15] [Render thread/INFO] (Minecraft) Created: 1024x1024x4 minecraft:textures/atlas/armor_trims.png-atlas
[16:39:16] [Render thread/INFO] (Minecraft) Created: 128x64x4 minecraft:textures/atlas/decorated_pot.png-atlas
[16:39:16] [Render thread/INFO] (Minecraft) Created: 256x256x4 minecraft:textures/atlas/chest.png-atlas
[16:39:16] [Render thread/INFO] (Minecraft) Created: 512x256x4 minecraft:textures/atlas/beds.png-atlas
[16:39:16] [Render thread/INFO] (Minecraft) Created: 512x256x4 minecraft:textures/atlas/shulker_boxes.png-atlas
[16:39:16] [Render thread/WARN] (Minecraft) Shader rendertype_entity_translucent_emissive could not find sampler named Sampler2 in the specified shader program.
[16:39:17] [Render thread/INFO] (Minecraft) Created: 512x256x0 minecraft:textures/atlas/particles.png-atlas
[16:39:17] [Render thread/INFO] (Minecraft) Created: 256x256x0 minecraft:textures/atlas/paintings.png-atlas
[16:39:17] [Render thread/INFO] (Minecraft) Created: 256x128x0 minecraft:textures/atlas/mob_effects.png-atlas
[16:39:17] [Render thread/INFO] (Minecraft) Created: 1024x512x0 minecraft:textures/atlas/gui.png-atlas
[16:39:17] [IO-Worker-1/INFO] (Minecraft) Could not authorize you against Realms server: Invalid session id
[16:39:17] [IO-Worker-1/ERROR] (Minecraft) Couldn't connect to realms
net.minecraft.client.realms.exception.RealmsServiceException: Realms authentication error with message 'Invalid session id'
	at net.minecraft.client.realms.RealmsClient.execute(RealmsClient.java:414) ~[minecraft-merged-67dccd55cc-1.20.4-net.fabricmc.yarn.1_20_4.1.20.4+build.3-v2.jar:?]
	at net.minecraft.client.realms.RealmsClient.clientCompatible(RealmsClient.java:207) ~[minecraft-merged-67dccd55cc-1.20.4-net.fabricmc.yarn.1_20_4.1.20.4+build.3-v2.jar:?]
	at net.minecraft.client.realms.RealmsAvailability.method_52627(RealmsAvailability.java:44) ~[minecraft-merged-67dccd55cc-1.20.4-net.fabricmc.yarn.1_20_4.1.20.4+build.3-v2.jar:?]
	at java.util.concurrent.CompletableFuture$AsyncSupply.run(CompletableFuture.java:1768) ~[?:?]
	at java.util.concurrent.ThreadPoolExecutor.runWorker(ThreadPoolExecutor.java:1136) ~[?:?]
	at java.util.concurrent.ThreadPoolExecutor$Worker.run(ThreadPoolExecutor.java:635) ~[?:?]
	at java.lang.Thread.run(Thread.java:842) ~[?:?]
[16:39:24] [Render thread/INFO] (Minecraft) Loaded 7 recipes
[16:39:24] [Render thread/INFO] (Minecraft) Loaded 1393 advancements
[16:39:25] [Render thread/INFO] (BiomeModificationImpl) Applied 0 biome modifications to 0 of 64 new biomes in 9.379 ms
[16:39:25] [Server thread/INFO] (Minecraft) Starting integrated minecraft server version 1.20.4
[16:39:25] [Server thread/INFO] (Minecraft) Generating keypair
[16:39:26] [Server thread/INFO] (Minecraft) Preparing start region for dimension minecraft:overworld
[16:39:28] [Render thread/INFO] (Minecraft) Preparing spawn area: 0%
[16:39:28] [Render thread/INFO] (Minecraft) Preparing spawn area: 0%
[16:39:28] [Render thread/INFO] (Minecraft) Preparing spawn area: 0%
[16:39:28] [Render thread/INFO] (Minecraft) Preparing spawn area: 0%
[16:39:28] [Render thread/INFO] (Minecraft) Preparing spawn area: 0%
[16:39:28] [Render thread/INFO] (Minecraft) Preparing spawn area: 55%
[16:39:29] [Render thread/INFO] (Minecraft) Time elapsed: 2695 ms
[16:39:29] [Server thread/INFO] (Minecraft) Changing view distance to 12, from 10
[16:39:29] [Server thread/INFO] (Minecraft) Changing simulation distance to 12, from 0
[16:39:30] [Server thread/INFO] (Minecraft) Player432[local:E:84e074dd] logged in with entity id 214 at (505.89485866046823, 74.0, 249.16376490571614)
[16:39:30] [Server thread/INFO] (Minecraft) Player432 joined the game
[16:39:30] [Render thread/INFO] (Minecraft) Loaded 2 advancements
[16:39:55] [Server thread/INFO] (Minecraft) Player432 has made the advancement [Monster Hunter]
[16:39:55] [Render thread/INFO] (Minecraft) [System] [CHAT] Player432 has made the advancement [Monster Hunter]
[16:39:55] [Render thread/INFO] (Minecraft) Loaded 33 advancements
[16:39:55] [Render thread/INFO] (Minecraft) Loaded 35 advancements
[16:40:07] [Server thread/INFO] (Minecraft) [Player432: Applied enchantment Sharpness V to Player432's item]
[16:40:07] [Render thread/INFO] (Minecraft) [System] [CHAT] Applied enchantment Sharpness V to Player432's item
[16:40:22] [Server thread/INFO] (Minecraft) [Player432: Set own game mode to Survival Mode]
[16:40:22] [Render thread/INFO] (Minecraft) [System] [CHAT] Set own game mode to Survival Mode
[16:40:31] [Server thread/INFO] (Minecraft) Player432 has made the advancement [Stone Age]
[16:40:31] [Render thread/INFO] (Minecraft) [System] [CHAT] Player432 has made the advancement [Stone Age]
[16:40:31] [Render thread/INFO] (Minecraft) Loaded 53 advancements
[16:40:34] [Server thread/INFO] (Minecraft) [Player432: Set own game mode to Creative Mode]
[16:40:34] [Render thread/INFO] (Minecraft) [System] [CHAT] Set own game mode to Creative Mode
[16:40:40] [Server thread/INFO] (Minecraft) [Player432: Set own game mode to Survival Mode]
[16:40:41] [Render thread/INFO] (Minecraft) [System] [CHAT] Set own game mode to Survival Mode
[16:40:47] [Render thread/INFO] (Minecraft) Loaded 55 advancements
[16:41:06] [Server thread/INFO] (Minecraft) [Player432: Set own game mode to Creative Mode]
[16:41:06] [Render thread/INFO] (Minecraft) [System] [CHAT] Set own game mode to Creative Mode
[16:41:12] [Render thread/INFO] (Minecraft) Loaded 57 advancements
[16:41:16] [Server thread/INFO] (Minecraft) Player432 has made the advancement [Hidden in the Depths]
[16:41:16] [Render thread/INFO] (Minecraft) [System] [CHAT] Player432 has made the advancement [Hidden in the Depths]
[16:41:16] [Render thread/INFO] (Minecraft) Loaded 63 advancements
[16:41:19] [Server thread/INFO] (Minecraft) [Player432: Set own game mode to Survival Mode]
[16:41:19] [Render thread/INFO] (Minecraft) [System] [CHAT] Set own game mode to Survival Mode
[16:41:27] [Server thread/INFO] (Minecraft) [Player432: Applied enchantment Fortune III to Player432's item]
[16:41:27] [Render thread/INFO] (Minecraft) [System] [CHAT] Applied enchantment Fortune III to Player432's item
[16:41:33] [Server thread/INFO] (Minecraft) [Player432: Applied enchantment Efficiency V to Player432's item]
[16:41:33] [Render thread/INFO] (Minecraft) [System] [CHAT] Applied enchantment Efficiency V to Player432's item
[16:41:36] [Server thread/INFO] (Minecraft) Player432 has made the advancement [Diamonds!]
[16:41:36] [Render thread/INFO] (Minecraft) [System] [CHAT] Player432 has made the advancement [Diamonds!]
[16:41:36] [Render thread/INFO] (Minecraft) Loaded 78 advancements
[16:41:58] [Server thread/INFO] (Minecraft) [Player432: Set own game mode to Creative Mode]
[16:41:58] [Render thread/INFO] (Minecraft) [System] [CHAT] Set own game mode to Creative Mode
[16:42:26] [Server thread/INFO] (Minecraft) Saving and pausing game...
[16:42:26] [Server thread/INFO] (Minecraft) Saving chunks for level 'ServerLevel[i <3 peni]'/minecraft:overworld
[16:42:26] [Server thread/INFO] (Minecraft) Saving chunks for level 'ServerLevel[i <3 peni]'/minecraft:the_end
[16:42:26] [Server thread/INFO] (Minecraft) Saving chunks for level 'ServerLevel[i <3 peni]'/minecraft:the_nether
[16:42:27] [Server thread/INFO] (Minecraft) Player432 lost connection: Disconnected
[16:42:27] [Server thread/INFO] (Minecraft) Player432 left the game
[16:42:27] [Server thread/INFO] (Minecraft) Stopping singleplayer server as player logged out
[16:42:27] [Server thread/INFO] (Minecraft) Stopping server
[16:42:27] [Server thread/INFO] (Minecraft) Saving players
[16:42:27] [Server thread/INFO] (Minecraft) Saving worlds
[16:42:27] [Server thread/INFO] (Minecraft) Saving chunks for level 'ServerLevel[i <3 peni]'/minecraft:overworld
[16:42:28] [Server thread/INFO] (Minecraft) Saving chunks for level 'ServerLevel[i <3 peni]'/minecraft:the_end
[16:42:28] [Server thread/INFO] (Minecraft) Saving chunks for level 'ServerLevel[i <3 peni]'/minecraft:the_nether
[16:42:28] [Server thread/INFO] (Minecraft) ThreadedAnvilChunkStorage (i _3 peni): All chunks are saved
[16:42:28] [Server thread/INFO] (Minecraft) ThreadedAnvilChunkStorage (DIM1): All chunks are saved
[16:42:28] [Server thread/INFO] (Minecraft) ThreadedAnvilChunkStorage (DIM-1): All chunks are saved
[16:42:28] [Server thread/INFO] (Minecraft) ThreadedAnvilChunkStorage: All dimensions are saved
[16:42:29] [Render thread/INFO] (Minecraft) Stopping!
